<?xml version="1.0" encoding="utf-8" ?>
<!DOCTYPE html PUBLIC "-//W3C//DTD XHTML 1.0 Strict//EN"
        "http://www.w3.org/TR/xhtml1/DTD/xhtml1-strict.dtd">
<html xmlns="http://www.w3.org/1999/xhtml" xml:lang="" lang="">
<head>
  <title>Test Results Report - Bank Test</title>
  <meta http-equiv="Content-Type" content="text/html;charset=utf-8" />
  <meta name="description" content="TestNG unit test results." />
  <link href="reportng.css" rel="stylesheet" type="text/css" />
    <script type="text/javascript" src="reportng.js"></script>
</head>
<body>
<h1>Bank Test</h1>
<p>
  Test duration: 80.070s
</p>



  <table class="resultsTable">
    <tr><th colspan="3" class="header failed">Failed Tests</th></tr>
          <tr>
        <td colspan="3" class="group">com.xyz.bank.testsuite.BankTest</td>
      </tr>
            
<tr>
  <td class="method">
                  bankManagerShouldAddCustomerSuccessfully
      </td>
  <td class="duration">
    40.474s
  </td>
  <td class="result">
        
    
            <div class="testOutput">
                        Clicked on bank manager login tab [[ChromeDriver: chrome on WINDOWS (dd34e7c7928a8e64d2a38b29db6ebc02)] -> xpath: //button[contains(text(),'Bank Manager Login')]]
                                Clicked on add customer tab Proxy element for: DefaultElementLocator 'By.xpath: //button[@ng-click='addCustomer()']'
                                Click to see screenshot
                                <a target = "_blank" href=C:\Users\iruch\IdeaProjects\com-xyz-bank-wk-15-maven-rachana/test-output/html/bankManagerShouldAddCustomerSuccessfullyTue_Dec_13_01_01_57_GMT_2022.jpg>Screenshot</a>
                                <br>
                                <br>
                                <a target = "_blank" href=C:\Users\iruch\IdeaProjects\com-xyz-bank-wk-15-maven-rachana/test-output/html/bankManagerShouldAddCustomerSuccessfullyTue_Dec_13_01_01_57_GMT_2022.jpg><img src=C:\Users\iruch\IdeaProjects\com-xyz-bank-wk-15-maven-rachana/test-output/html/bankManagerShouldAddCustomerSuccessfullyTue_Dec_13_01_01_57_GMT_2022.jpg height=200 width=200></img></a>
                  </div>
    

        <a href="javascript:toggleElement('exception-0', 'block')" title="Click to expand/collapse"><b>org.openqa.selenium.NoSuchElementException: no such element: Unable to locate element: {&quot;method&quot;:&quot;xpath&quot;,&quot;selector&quot;:&quot;//button[@ng-click=&apos;addCustomer()&apos;]&quot;}<br/>
&nbsp; (Session info: chrome=108.0.5359.99)<br/>
For documentation on this error, please visit: https://selenium.dev/exceptions/#no_such_element<br/>
Build info: version: &apos;4.6.0&apos;, revision: &apos;79f1c02ae20&apos;<br/>
System info: os.name: &apos;Windows 10&apos;, os.arch: &apos;amd64&apos;, os.version: &apos;10.0&apos;, java.version: &apos;1.8.0_121&apos;<br/>
Driver info: org.openqa.selenium.chrome.ChromeDriver<br/>
Command: [dd34e7c7928a8e64d2a38b29db6ebc02, findElement {using=xpath, value=//button[@ng-click=&apos;addCustomer()&apos;]}]<br/>
Capabilities {acceptInsecureCerts: false, browserName: chrome, browserVersion: 108.0.5359.99, chrome: {chromedriverVersion: 108.0.5359.71 (1e0e3868ee06..., userDataDir: C:\Users\iruch\AppData\Loca...}, goog:chromeOptions: {debuggerAddress: localhost:58337}, networkConnectionEnabled: false, pageLoadStrategy: normal, platformName: WINDOWS, proxy: Proxy(), se:cdp: ws://localhost:58337/devtoo..., se:cdpVersion: 108.0.5359.99, setWindowRect: true, strictFileInteractability: false, timeouts: {implicit: 0, pageLoad: 300000, script: 30000}, unhandledPromptBehavior: dismiss and notify, webauthn:extension:credBlob: true, webauthn:extension:largeBlob: true, webauthn:virtualAuthenticators: true}<br/>
Session ID: dd34e7c7928a8e64d2a38b29db6ebc02</b></a><br />
    <div class="stackTrace" id="exception-0">
              sun.reflect.NativeConstructorAccessorImpl.newInstance0(Native Method)<br />
              sun.reflect.NativeConstructorAccessorImpl.newInstance(NativeConstructorAccessorImpl.java:62)<br />
              sun.reflect.DelegatingConstructorAccessorImpl.newInstance(DelegatingConstructorAccessorImpl.java:45)<br />
              java.lang.reflect.Constructor.newInstance(Constructor.java:423)<br />
              org.openqa.selenium.remote.codec.w3c.W3CHttpResponseCodec.createException(W3CHttpResponseCodec.java:200)<br />
              org.openqa.selenium.remote.codec.w3c.W3CHttpResponseCodec.decode(W3CHttpResponseCodec.java:133)<br />
              org.openqa.selenium.remote.codec.w3c.W3CHttpResponseCodec.decode(W3CHttpResponseCodec.java:53)<br />
              org.openqa.selenium.remote.HttpCommandExecutor.execute(HttpCommandExecutor.java:184)<br />
              org.openqa.selenium.remote.service.DriverCommandExecutor.invokeExecute(DriverCommandExecutor.java:167)<br />
              org.openqa.selenium.remote.service.DriverCommandExecutor.execute(DriverCommandExecutor.java:142)<br />
              org.openqa.selenium.remote.RemoteWebDriver.execute(RemoteWebDriver.java:541)<br />
              org.openqa.selenium.remote.ElementLocation$ElementFinder$2.findElement(ElementLocation.java:162)<br />
              org.openqa.selenium.remote.ElementLocation.findElement(ElementLocation.java:60)<br />
              org.openqa.selenium.remote.RemoteWebDriver.findElement(RemoteWebDriver.java:365)<br />
              org.openqa.selenium.remote.RemoteWebDriver.findElement(RemoteWebDriver.java:357)<br />
              org.openqa.selenium.support.pagefactory.DefaultElementLocator.findElement(DefaultElementLocator.java:70)<br />
              org.openqa.selenium.support.pagefactory.internal.LocatingElementHandler.invoke(LocatingElementHandler.java:39)<br />
              com.sun.proxy.$Proxy15.click(Unknown Source)<br />
              com.xyz.bank.utility.Utility.clickOnElement(Utility.java:51)<br />
              com.xyz.bank.pages.BankManagerLoginPage.clickOnAddCustomerTab(BankManagerLoginPage.java:24)<br />
              com.xyz.bank.testsuite.BankTest.bankManagerShouldAddCustomerSuccessfully(BankTest.java:34)<br />
              sun.reflect.NativeMethodAccessorImpl.invoke0(Native Method)<br />
              sun.reflect.NativeMethodAccessorImpl.invoke(NativeMethodAccessorImpl.java:62)<br />
              sun.reflect.DelegatingMethodAccessorImpl.invoke(DelegatingMethodAccessorImpl.java:43)<br />
              java.lang.reflect.Method.invoke(Method.java:498)<br />
              org.testng.internal.invokers.MethodInvocationHelper.invokeMethod(MethodInvocationHelper.java:135)<br />
              org.testng.internal.invokers.TestInvoker.invokeMethod(TestInvoker.java:673)<br />
              org.testng.internal.invokers.TestInvoker.invokeTestMethod(TestInvoker.java:220)<br />
              org.testng.internal.invokers.MethodRunner.runInSequence(MethodRunner.java:50)<br />
              org.testng.internal.invokers.TestInvoker$MethodInvocationAgent.invoke(TestInvoker.java:945)<br />
              org.testng.internal.invokers.TestInvoker.invokeTestMethods(TestInvoker.java:193)<br />
              org.testng.internal.invokers.TestMethodWorker.invokeTestMethods(TestMethodWorker.java:146)<br />
              org.testng.internal.invokers.TestMethodWorker.run(TestMethodWorker.java:128)<br />
              java.util.ArrayList.forEach(ArrayList.java:1249)<br />
              org.testng.TestRunner.privateRun(TestRunner.java:808)<br />
              org.testng.TestRunner.run(TestRunner.java:603)<br />
              org.testng.SuiteRunner.runTest(SuiteRunner.java:429)<br />
              org.testng.SuiteRunner.runSequentially(SuiteRunner.java:423)<br />
              org.testng.SuiteRunner.privateRun(SuiteRunner.java:383)<br />
              org.testng.SuiteRunner.run(SuiteRunner.java:326)<br />
              org.testng.SuiteRunnerWorker.runSuite(SuiteRunnerWorker.java:52)<br />
              org.testng.SuiteRunnerWorker.run(SuiteRunnerWorker.java:95)<br />
              org.testng.TestNG.runSuitesSequentially(TestNG.java:1249)<br />
              org.testng.TestNG.runSuitesLocally(TestNG.java:1169)<br />
              org.testng.TestNG.runSuites(TestNG.java:1092)<br />
              org.testng.TestNG.run(TestNG.java:1060)<br />
              com.intellij.rt.testng.IDEARemoteTestNG.run(IDEARemoteTestNG.java:66)<br />
              com.intellij.rt.testng.RemoteTestNGStarter.main(RemoteTestNGStarter.java:109)<br />
                </div>
      </td>
</tr>
<tr>
  <td class="method">
                  customerShouldWithdrawMoneySuccessfully
      </td>
  <td class="duration">
    2.521s
  </td>
  <td class="result">
        
    
            <div class="testOutput">
                        Clicked on customer login tab [[ChromeDriver: chrome on WINDOWS (b3a7e8f578346fde384ecef3f4484bce)] -> xpath: //button[@ng-click='customer()']]
                                Selected Harry Potter from [[ChromeDriver: chrome on WINDOWS (b3a7e8f578346fde384ecef3f4484bce)] -> id: userSelect]
                                Clicked on login button [[ChromeDriver: chrome on WINDOWS (b3a7e8f578346fde384ecef3f4484bce)] -> xpath: //button[contains(text(),'Login')]]
                                Clicked on desktop tab [[ChromeDriver: chrome on WINDOWS (b3a7e8f578346fde384ecef3f4484bce)] -> xpath: //button[@ng-click='deposit()']]
                                Entered amount to deposit 100 in deipsit field [[ChromeDriver: chrome on WINDOWS (b3a7e8f578346fde384ecef3f4484bce)] -> xpath: //input[@ng-model='amount']]
                                Clicked on deposit button [[ChromeDriver: chrome on WINDOWS (b3a7e8f578346fde384ecef3f4484bce)] -> xpath: //button[text()='Deposit']]
                                Clicked on withdraw tab [[ChromeDriver: chrome on WINDOWS (b3a7e8f578346fde384ecef3f4484bce)] -> xpath: //button[@ng-click='withdrawl()']]
                                Entered amount to withdraw 50 in withdraw field [[ChromeDriver: chrome on WINDOWS (b3a7e8f578346fde384ecef3f4484bce)] -> xpath: //input[@ng-model='amount']]
                                Click to see screenshot
                                <a target = "_blank" href=C:\Users\iruch\IdeaProjects\com-xyz-bank-wk-15-maven-rachana/test-output/html/customerShouldWithdrawMoneySuccessfullyTue_Dec_13_01_02_26_GMT_2022.jpg>Screenshot</a>
                                <br>
                                <br>
                                <a target = "_blank" href=C:\Users\iruch\IdeaProjects\com-xyz-bank-wk-15-maven-rachana/test-output/html/customerShouldWithdrawMoneySuccessfullyTue_Dec_13_01_02_26_GMT_2022.jpg><img src=C:\Users\iruch\IdeaProjects\com-xyz-bank-wk-15-maven-rachana/test-output/html/customerShouldWithdrawMoneySuccessfullyTue_Dec_13_01_02_26_GMT_2022.jpg height=200 width=200></img></a>
                  </div>
    

        <a href="javascript:toggleElement('exception-1', 'block')" title="Click to expand/collapse"><b>org.openqa.selenium.StaleElementReferenceException: stale element reference: element is not attached to the page document<br/>
&nbsp; (Session info: chrome=108.0.5359.99)<br/>
For documentation on this error, please visit: https://selenium.dev/exceptions/#stale_element_reference<br/>
Build info: version: &apos;4.6.0&apos;, revision: &apos;79f1c02ae20&apos;<br/>
System info: os.name: &apos;Windows 10&apos;, os.arch: &apos;amd64&apos;, os.version: &apos;10.0&apos;, java.version: &apos;1.8.0_121&apos;<br/>
Driver info: org.openqa.selenium.chrome.ChromeDriver<br/>
Command: [b3a7e8f578346fde384ecef3f4484bce, sendKeysToElement {id=e8bd25b2-343e-465c-ad5d-69cd715c3ae9, value=[Ljava.lang.CharSequence;@186cb891}]<br/>
Capabilities {acceptInsecureCerts: false, browserName: chrome, browserVersion: 108.0.5359.99, chrome: {chromedriverVersion: 108.0.5359.71 (1e0e3868ee06..., userDataDir: C:\Users\iruch\AppData\Loca...}, goog:chromeOptions: {debuggerAddress: localhost:58460}, networkConnectionEnabled: false, pageLoadStrategy: normal, platformName: WINDOWS, proxy: Proxy(), se:cdp: ws://localhost:58460/devtoo..., se:cdpVersion: 108.0.5359.99, setWindowRect: true, strictFileInteractability: false, timeouts: {implicit: 0, pageLoad: 300000, script: 30000}, unhandledPromptBehavior: dismiss and notify, webauthn:extension:credBlob: true, webauthn:extension:largeBlob: true, webauthn:virtualAuthenticators: true}<br/>
Element: [[ChromeDriver: chrome on WINDOWS (b3a7e8f578346fde384ecef3f4484bce)] -&gt; xpath: //input[@ng-model=&apos;amount&apos;]]<br/>
Session ID: b3a7e8f578346fde384ecef3f4484bce</b></a><br />
    <div class="stackTrace" id="exception-1">
              sun.reflect.NativeConstructorAccessorImpl.newInstance0(Native Method)<br />
              sun.reflect.NativeConstructorAccessorImpl.newInstance(NativeConstructorAccessorImpl.java:62)<br />
              sun.reflect.DelegatingConstructorAccessorImpl.newInstance(DelegatingConstructorAccessorImpl.java:45)<br />
              java.lang.reflect.Constructor.newInstance(Constructor.java:423)<br />
              org.openqa.selenium.remote.codec.w3c.W3CHttpResponseCodec.createException(W3CHttpResponseCodec.java:200)<br />
              org.openqa.selenium.remote.codec.w3c.W3CHttpResponseCodec.decode(W3CHttpResponseCodec.java:133)<br />
              org.openqa.selenium.remote.codec.w3c.W3CHttpResponseCodec.decode(W3CHttpResponseCodec.java:53)<br />
              org.openqa.selenium.remote.HttpCommandExecutor.execute(HttpCommandExecutor.java:184)<br />
              org.openqa.selenium.remote.service.DriverCommandExecutor.invokeExecute(DriverCommandExecutor.java:167)<br />
              org.openqa.selenium.remote.service.DriverCommandExecutor.execute(DriverCommandExecutor.java:142)<br />
              org.openqa.selenium.remote.RemoteWebDriver.execute(RemoteWebDriver.java:541)<br />
              org.openqa.selenium.remote.RemoteWebElement.execute(RemoteWebElement.java:257)<br />
              org.openqa.selenium.remote.RemoteWebElement.sendKeys(RemoteWebElement.java:113)<br />
              sun.reflect.NativeMethodAccessorImpl.invoke0(Native Method)<br />
              sun.reflect.NativeMethodAccessorImpl.invoke(NativeMethodAccessorImpl.java:62)<br />
              sun.reflect.DelegatingMethodAccessorImpl.invoke(DelegatingMethodAccessorImpl.java:43)<br />
              java.lang.reflect.Method.invoke(Method.java:498)<br />
              org.openqa.selenium.support.pagefactory.internal.LocatingElementHandler.invoke(LocatingElementHandler.java:52)<br />
              com.sun.proxy.$Proxy15.sendKeys(Unknown Source)<br />
              com.xyz.bank.utility.Utility.sendTextToElement(Utility.java:73)<br />
              com.xyz.bank.pages.AccountPage.enterAmountToWithdraw(AccountPage.java:58)<br />
              com.xyz.bank.testsuite.BankTest.customerShouldWithdrawMoneySuccessfully(BankTest.java:122)<br />
              sun.reflect.NativeMethodAccessorImpl.invoke0(Native Method)<br />
              sun.reflect.NativeMethodAccessorImpl.invoke(NativeMethodAccessorImpl.java:62)<br />
              sun.reflect.DelegatingMethodAccessorImpl.invoke(DelegatingMethodAccessorImpl.java:43)<br />
              java.lang.reflect.Method.invoke(Method.java:498)<br />
              org.testng.internal.invokers.MethodInvocationHelper.invokeMethod(MethodInvocationHelper.java:135)<br />
              org.testng.internal.invokers.TestInvoker.invokeMethod(TestInvoker.java:673)<br />
              org.testng.internal.invokers.TestInvoker.invokeTestMethod(TestInvoker.java:220)<br />
              org.testng.internal.invokers.MethodRunner.runInSequence(MethodRunner.java:50)<br />
              org.testng.internal.invokers.TestInvoker$MethodInvocationAgent.invoke(TestInvoker.java:945)<br />
              org.testng.internal.invokers.TestInvoker.invokeTestMethods(TestInvoker.java:193)<br />
              org.testng.internal.invokers.TestMethodWorker.invokeTestMethods(TestMethodWorker.java:146)<br />
              org.testng.internal.invokers.TestMethodWorker.run(TestMethodWorker.java:128)<br />
              java.util.ArrayList.forEach(ArrayList.java:1249)<br />
              org.testng.TestRunner.privateRun(TestRunner.java:808)<br />
              org.testng.TestRunner.run(TestRunner.java:603)<br />
              org.testng.SuiteRunner.runTest(SuiteRunner.java:429)<br />
              org.testng.SuiteRunner.runSequentially(SuiteRunner.java:423)<br />
              org.testng.SuiteRunner.privateRun(SuiteRunner.java:383)<br />
              org.testng.SuiteRunner.run(SuiteRunner.java:326)<br />
              org.testng.SuiteRunnerWorker.runSuite(SuiteRunnerWorker.java:52)<br />
              org.testng.SuiteRunnerWorker.run(SuiteRunnerWorker.java:95)<br />
              org.testng.TestNG.runSuitesSequentially(TestNG.java:1249)<br />
              org.testng.TestNG.runSuitesLocally(TestNG.java:1169)<br />
              org.testng.TestNG.runSuites(TestNG.java:1092)<br />
              org.testng.TestNG.run(TestNG.java:1060)<br />
              com.intellij.rt.testng.IDEARemoteTestNG.run(IDEARemoteTestNG.java:66)<br />
              com.intellij.rt.testng.RemoteTestNGStarter.main(RemoteTestNGStarter.java:109)<br />
                </div>
      </td>
</tr>
      </table>


  <table class="resultsTable">
    <tr><th colspan="3" class="header passed">Passed Tests</th></tr>
          <tr>
        <td colspan="3" class="group">com.xyz.bank.testsuite.BankTest</td>
      </tr>
            
<tr>
  <td class="method">
                  bankManagerShouldOpenAccountSuccessfully
      </td>
  <td class="duration">
    1.280s
  </td>
  <td class="result">
        
    
            <div class="testOutput">
                        Clicked on bank manager login tab [[ChromeDriver: chrome on WINDOWS (fb90ddb34745c7a70a98a774f2981142)] -> xpath: //button[contains(text(),'Bank Manager Login')]]
                                Clicked on open account tab [[ChromeDriver: chrome on WINDOWS (fb90ddb34745c7a70a98a774f2981142)] -> xpath: //button[@ng-click='openAccount()']]
                                Selected Harry Potter from [[ChromeDriver: chrome on WINDOWS (fb90ddb34745c7a70a98a774f2981142)] -> id: userSelect]
                                Selected Pound from [[ChromeDriver: chrome on WINDOWS (fb90ddb34745c7a70a98a774f2981142)] -> id: currency]
                                Clicked on process button [[ChromeDriver: chrome on WINDOWS (fb90ddb34745c7a70a98a774f2981142)] -> xpath: //button[contains(text(),'Process')]]
                                Accepted popup
                  </div>
    

      </td>
</tr>
<tr>
  <td class="method">
                  customerShouldDepositMoneySuccessfully
      </td>
  <td class="duration">
    1.500s
  </td>
  <td class="result">
        
    
            <div class="testOutput">
                        Clicked on customer login tab [[ChromeDriver: chrome on WINDOWS (e2762916d394c680c849c191557a3370)] -> xpath: //button[@ng-click='customer()']]
                                Selected Harry Potter from [[ChromeDriver: chrome on WINDOWS (e2762916d394c680c849c191557a3370)] -> id: userSelect]
                                Clicked on login button [[ChromeDriver: chrome on WINDOWS (e2762916d394c680c849c191557a3370)] -> xpath: //button[contains(text(),'Login')]]
                                Clicked on desktop tab [[ChromeDriver: chrome on WINDOWS (e2762916d394c680c849c191557a3370)] -> xpath: //button[@ng-click='deposit()']]
                                Entered amount to deposit 100 in deipsit field [[ChromeDriver: chrome on WINDOWS (e2762916d394c680c849c191557a3370)] -> xpath: //input[@ng-model='amount']]
                                Clicked on deposit button [[ChromeDriver: chrome on WINDOWS (e2762916d394c680c849c191557a3370)] -> xpath: //button[text()='Deposit']]
                  </div>
    

      </td>
</tr>
<tr>
  <td class="method">
                  customerShouldLoginAndLogoutSuccessfully
      </td>
  <td class="duration">
    1.076s
  </td>
  <td class="result">
        
    
            <div class="testOutput">
                        Clicked on customer login tab [[ChromeDriver: chrome on WINDOWS (0e54d147ccbf46d1a24cf92c3797a56a)] -> xpath: //button[@ng-click='customer()']]
                                Selected Harry Potter from [[ChromeDriver: chrome on WINDOWS (0e54d147ccbf46d1a24cf92c3797a56a)] -> id: userSelect]
                                Clicked on login button [[ChromeDriver: chrome on WINDOWS (0e54d147ccbf46d1a24cf92c3797a56a)] -> xpath: //button[contains(text(),'Login')]]
                                Clicked on logout button [[ChromeDriver: chrome on WINDOWS (0e54d147ccbf46d1a24cf92c3797a56a)] -> xpath: //button[contains(text(),'Logout')]]
                  </div>
    

      </td>
</tr>
      </table>
  
</body>
</html>
